[18:37:35] [ServerMain/INFO]: Environment: Environment[sessionHost=https://sessionserver.mojang.com, servicesHost=https://api.minecraftservices.com, name=PROD]
[18:37:37] [ServerMain/INFO]: No existing world data, creating new world
[18:37:38] [ServerMain/INFO]: Loaded 1290 recipes
[18:37:38] [ServerMain/INFO]: Loaded 1399 advancements
[18:37:39] [Server thread/INFO]: Starting minecraft server version 1.21
[18:37:39] [Server thread/INFO]: Loading properties
[18:37:39] [Server thread/INFO]: Default game type: SURVIVAL
[18:37:39] [Server thread/INFO]: Generating keypair
[18:37:39] [Server thread/INFO]: Starting Minecraft server on *:25565
[18:37:39] [Server thread/INFO]: Using epoll channel type
[18:37:39] [Server thread/WARN]: **** SERVER IS RUNNING IN OFFLINE/INSECURE MODE!
[18:37:39] [Server thread/WARN]: The server will make no attempt to authenticate usernames. Beware.
[18:37:39] [Server thread/WARN]: While this makes the game possible to play without internet access, it also opens up the ability for hackers to connect with any username they choose.
[18:37:39] [Server thread/WARN]: To change this, set "online-mode" to "true" in the server.properties file.
[18:37:39] [Server thread/INFO]: Preparing level "world"
[18:37:52] [Server thread/INFO]: Preparing start region for dimension minecraft:overworld
[18:37:52] [Worker-Main-1/INFO]: Preparing spawn area: 2%
[18:37:53] [Worker-Main-1/INFO]: Preparing spawn area: 2%
[18:37:53] [Worker-Main-1/INFO]: Preparing spawn area: 2%
[18:37:54] [Worker-Main-1/INFO]: Preparing spawn area: 2%
[18:37:54] [Worker-Main-1/INFO]: Preparing spawn area: 2%
[18:37:55] [Worker-Main-1/INFO]: Preparing spawn area: 2%
[18:37:55] [Worker-Main-1/INFO]: Preparing spawn area: 2%
[18:37:56] [Worker-Main-1/INFO]: Preparing spawn area: 2%
[18:37:56] [Worker-Main-1/INFO]: Preparing spawn area: 2%
[18:37:57] [Worker-Main-1/INFO]: Preparing spawn area: 2%
[18:37:57] [Worker-Main-1/INFO]: Preparing spawn area: 2%
[18:37:58] [Worker-Main-1/INFO]: Preparing spawn area: 2%
[18:37:58] [Worker-Main-1/INFO]: Preparing spawn area: 2%
[18:37:59] [Worker-Main-1/INFO]: Preparing spawn area: 2%
[18:37:59] [Worker-Main-1/INFO]: Preparing spawn area: 2%
[18:38:00] [Worker-Main-1/INFO]: Preparing spawn area: 2%
[18:38:00] [Worker-Main-1/INFO]: Preparing spawn area: 2%
[18:38:01] [Worker-Main-1/INFO]: Preparing spawn area: 2%
[18:38:01] [Worker-Main-1/INFO]: Preparing spawn area: 14%
[18:38:02] [Server thread/INFO]: Time elapsed: 9831 ms
[18:38:02] [Server thread/INFO]: Done (22.715s)! For help, type "help"
[18:39:16] [Server thread/INFO]: Stopping the server
[18:39:16] [Server thread/INFO]: Stopping server
[18:39:16] [Server thread/INFO]: Saving players
[18:39:16] [Server thread/INFO]: Saving worlds
[18:39:17] [Server thread/INFO]: Saving chunks for level 'ServerLevel[world]'/minecraft:overworld
[18:39:17] [Server thread/INFO]: Saving chunks for level 'ServerLevel[world]'/minecraft:the_end
[18:39:17] [Server thread/INFO]: Saving chunks for level 'ServerLevel[world]'/minecraft:the_nether
[18:39:17] [Server thread/INFO]: ThreadedAnvilChunkStorage (world): All chunks are saved
[18:39:17] [Server thread/INFO]: ThreadedAnvilChunkStorage (DIM1): All chunks are saved
[18:39:17] [Server thread/INFO]: ThreadedAnvilChunkStorage (DIM-1): All chunks are saved
[18:39:17] [Server thread/INFO]: ThreadedAnvilChunkStorage: All dimensions are saved
